<?xml version="1.0" encoding="UTF-8"?>
<testng-results ignored="0" total="1" passed="1" failed="0" skipped="0">
  <reporter-output>
  </reporter-output>
  <suite started-at="2024-05-12T13:00:37 IST" name="Default suite" finished-at="2024-05-12T13:00:46 IST" duration-ms="9487">
    <groups>
    </groups>
    <test started-at="2024-05-12T13:00:37 IST" name="Default test" finished-at="2024-05-12T13:00:46 IST" duration-ms="9487">
      <class name="com.TestAutomationPractice.testCases.TC_001_RahulShettyAutomationPracticeTest">
        <test-method is-config="true" signature="setUp()[pri:0, instance:com.TestAutomationPractice.testCases.TC_001_RahulShettyAutomationPracticeTest@2892d68]" started-at="2024-05-12T13:00:37 IST" name="setUp" finished-at="2024-05-12T13:00:43 IST" duration-ms="6354" status="PASS">
          <reporter-output>
          </reporter-output>
        </test-method> <!-- setUp -->
        <test-method signature="onePageAllTesting()[pri:0, instance:com.TestAutomationPractice.testCases.TC_001_RahulShettyAutomationPracticeTest@2892d68]" started-at="2024-05-12T13:00:43 IST" name="onePageAllTesting" finished-at="2024-05-12T13:00:46 IST" duration-ms="2801" status="PASS">
          <reporter-output>
          </reporter-output>
        </test-method> <!-- onePageAllTesting -->
        <test-method is-config="true" signature="closeBrowser()[pri:0, instance:com.TestAutomationPractice.testCases.TC_001_RahulShettyAutomationPracticeTest@2892d68]" started-at="2024-05-12T13:00:46 IST" name="closeBrowser" finished-at="2024-05-12T13:00:46 IST" duration-ms="264" status="PASS">
          <reporter-output>
          </reporter-output>
        </test-method> <!-- closeBrowser -->
      </class> <!-- com.TestAutomationPractice.testCases.TC_001_RahulShettyAutomationPracticeTest -->
    </test> <!-- Default test -->
  </suite> <!-- Default suite -->
</testng-results>
