<?xml version="1.0" encoding="UTF-8"?>
<!-- Generated by org.testng.reporters.JUnitReportReporter -->
<testsuite hostname="DESKTOP-JDIV0GS" failures="0" tests="1" name="com.TestAutomationPractice.testCases.TC_001_RahulShettyAutomationPracticeTest" time="1.969" errors="0" timestamp="2024-05-26T09:40:20 IST" skipped="0">
  <testcase classname="com.TestAutomationPractice.testCases.TC_001_RahulShettyAutomationPracticeTest" name="onePageAllTesting" time="1.969"/>
  <system-out/>
</testsuite> <!-- com.TestAutomationPractice.testCases.TC_001_RahulShettyAutomationPracticeTest -->
