<?xml version="1.0" encoding="UTF-8"?>
<!-- Generated by org.testng.reporters.JUnitReportReporter -->
<testsuite hostname="DESKTOP-JDIV0GS" failures="0" tests="1" name="com.TestAutomationPractice.testCases.TC_002_OrangeHrmDashboardTest1" time="15.728" errors="0" timestamp="2024-08-11T11:08:19 IST" skipped="0">
  <testcase classname="com.TestAutomationPractice.testCases.TC_002_OrangeHrmDashboardTest1" name="secondPage" time="15.728"/>
  <system-out/>
</testsuite> <!-- com.TestAutomationPractice.testCases.TC_002_OrangeHrmDashboardTest1 -->
